<?xml version="1.0" encoding="UTF-8"?>
<!-- Generated by org.testng.reporters.JUnitXMLReporter -->
<testsuite hostname="VMPC1046" ignored="4" name="Test" tests="10" failures="2" timestamp="16 May 2017 07:43:15 GMT" time="612.779" errors="0">
  <testcase name="CancelLeave" time="0.009" classname="com.RequestFunctionality.LeaveRequest"/>
  <testcase name="LoginValid" time="19.528" classname="com.LoginLogout.LoginToVzone"/>
  <testcase name="LogoutFunction" time="2.725" classname="com.LoginLogout.LoginToVzone"/>
  <testcase name="invalidLogin" time="5.911" classname="com.LoginLogout.LoginToVzone"/>
  <testcase name="InboxPage" time="23.853" classname="com.LoginLogout.ClickOnMenus"/>
  <testcase name="ClickOnHR" time="3.941" classname="com.LoginLogout.ClickOnMenus"/>
  <testcase name="detailsOfHr" time="16.912" classname="com.LoginLogout.ClickOnMenus"/>
  <testcase name="Recuiter" time="2.1" classname="com.LoginLogout.ClickOnMenus"/>
  <testcase name="ApplyLeave" time="4.783" classname="com.RequestFunctionality.LeaveRequest">
    <failure type="org.openqa.selenium.WebDriverException" message="Element is not clickable at point (481.1166687011719, 291). Other element would receive the click: &amp;lt;div id=&amp;quot;myModal&amp;quot; class=&amp;quot;modal fade modal-prg in&amp;quot; tabindex=&amp;quot;-1&amp;quot; data-keyboard=&amp;quot;false&amp;quot; style=&amp;quot;display: block;&amp;quot; aria-hidden=&amp;quot;false&amp;quot;&amp;gt;&amp;lt;/div&amp;gt; (WARNING: The server did not provide any stacktrace information)
Command duration or timeout: 19 milliseconds
Build info: version: &amp;apos;2.53.0&amp;apos;, revision: &amp;apos;35ae25b&amp;apos;, time: &amp;apos;2016-03-15 17:00:58&amp;apos;
System info: host: &amp;apos;VMPC1046&amp;apos;, ip: &amp;apos;10.10.8.5&amp;apos;, os.name: &amp;apos;Windows 8.1&amp;apos;, os.arch: &amp;apos;amd64&amp;apos;, os.version: &amp;apos;6.3&amp;apos;, java.version: &amp;apos;1.8.0_131&amp;apos;
Driver info: org.openqa.selenium.firefox.FirefoxDriver
Capabilities [{applicationCacheEnabled=true, rotatable=false, handlesAlerts=true, databaseEnabled=true, version=45.0.2, platform=WINDOWS, nativeEvents=false, acceptSslCerts=true, webStorageEnabled=true, locationContextEnabled=true, browserName=firefox, takesScreenshot=true, javascriptEnabled=true, cssSelectorsEnabled=true}]
Session ID: a0299f45-d916-4f82-bc88-a9a9242a4a1b">
      <![CDATA[org.openqa.selenium.WebDriverException: Element is not clickable at point (481.1166687011719, 291). Other element would receive the click: <div id="myModal" class="modal fade modal-prg in" tabindex="-1" data-keyboard="false" style="display: block;" aria-hidden="false"></div> (WARNING: The server did not provide any stacktrace information)
Command duration or timeout: 19 milliseconds
Build info: version: '2.53.0', revision: '35ae25b', time: '2016-03-15 17:00:58'
System info: host: 'VMPC1046', ip: '10.10.8.5', os.name: 'Windows 8.1', os.arch: 'amd64', os.version: '6.3', java.version: '1.8.0_131'
Driver info: org.openqa.selenium.firefox.FirefoxDriver
Capabilities [{applicationCacheEnabled=true, rotatable=false, handlesAlerts=true, databaseEnabled=true, version=45.0.2, platform=WINDOWS, nativeEvents=false, acceptSslCerts=true, webStorageEnabled=true, locationContextEnabled=true, browserName=firefox, takesScreenshot=true, javascriptEnabled=true, cssSelectorsEnabled=true}]
Session ID: a0299f45-d916-4f82-bc88-a9a9242a4a1b
	at org.openqa.selenium.remote.ErrorHandler.createThrowable(ErrorHandler.java:206)
	at org.openqa.selenium.remote.ErrorHandler.throwIfResponseFailed(ErrorHandler.java:158)
	at org.openqa.selenium.remote.RemoteWebDriver.execute(RemoteWebDriver.java:678)
	at org.openqa.selenium.remote.RemoteExecuteMethod.execute(RemoteExecuteMethod.java:35)
	at org.openqa.selenium.remote.RemoteMouse.click(RemoteMouse.java:59)
	at org.openqa.selenium.interactions.ClickAction.perform(ClickAction.java:37)
	at org.openqa.selenium.interactions.CompositeAction.perform(CompositeAction.java:50)
	at com.Libaray.elementClickAble.clickForXpath(elementClickAble.java:21)
	at com.RequestFunctionality.LeaveRequest.ApplyLeave(LeaveRequest.java:59)
... Removed 29 stack frames]]>
    </failure>
  </testcase> <!-- ApplyLeave -->
  <testcase name="ManagerApproval" time="522.883" classname="com.RequestFunctionality.LeaveRequest">
    <failure type="java.lang.NullPointerException">
      <![CDATA[java.lang.NullPointerException
	at com.RequestFunctionality.LeaveRequest.ManagerApproval(LeaveRequest.java:210)
... Removed 25 stack frames]]>
    </failure>
  </testcase> <!-- ManagerApproval -->
  <testcase name="@AfterTest teardown" time="0.0" classname="com.LoginLogout.BaseClass">
    <ignored/>
  </testcase> <!-- @AfterTest teardown -->
  <testcase name="@AfterTest teardown" time="0.0" classname="com.LoginLogout.BaseClass">
    <ignored/>
  </testcase> <!-- @AfterTest teardown -->
  <testcase name="@BeforeTest SetUp" time="0.0" classname="com.LoginLogout.BaseClass">
    <ignored/>
  </testcase> <!-- @BeforeTest SetUp -->
  <testcase name="@BeforeTest SetUp" time="0.0" classname="com.LoginLogout.BaseClass">
    <ignored/>
  </testcase> <!-- @BeforeTest SetUp -->
</testsuite> <!-- Test -->
